<?xml version="1.0" encoding="UTF-8"?>
<testng-results ignored="0" total="3" passed="2" failed="1" skipped="0">
  <reporter-output>
  </reporter-output>
  <suite started-at="2025-02-28T23:24:49 IST" name="Default suite" finished-at="2025-02-28T23:24:52 IST" duration-ms="3251">
    <groups>
    </groups>
    <test started-at="2025-02-28T23:24:49 IST" name="Default test" finished-at="2025-02-28T23:24:52 IST" duration-ms="3251">
      <class name="geoLocAPI.GeolocationTest">
        <test-method signature="testInvalidLocation()[pri:0, instance:geoLocAPI.GeolocationTest@363ee3a2]" started-at="2025-02-28T23:24:49 IST" name="testInvalidLocation" finished-at="2025-02-28T23:24:52 IST" duration-ms="2955" status="PASS">
          <reporter-output>
          </reporter-output>
        </test-method> <!-- testInvalidLocation -->
        <test-method signature="testValidCityState()[pri:0, instance:geoLocAPI.GeolocationTest@363ee3a2]" started-at="2025-02-28T23:24:52 IST" name="testValidCityState" finished-at="2025-02-28T23:24:52 IST" duration-ms="77" status="PASS">
          <reporter-output>
          </reporter-output>
        </test-method> <!-- testValidCityState -->
        <test-method signature="testValidZipCode()[pri:0, instance:geoLocAPI.GeolocationTest@363ee3a2]" started-at="2025-02-28T23:24:52 IST" name="testValidZipCode" finished-at="2025-02-28T23:24:52 IST" duration-ms="193" status="FAIL">
          <exception class="org.opentest4j.AssertionFailedError">
            <message>
              <![CDATA[expected: not <null>]]>
            </message>
            <full-stacktrace>
              <![CDATA[org.opentest4j.AssertionFailedError: expected: not <null>
at org.junit.jupiter.api.AssertionUtils.fail(AssertionUtils.java:39)
at org.junit.jupiter.api.Assertions.fail(Assertions.java:134)
at org.junit.jupiter.api.AssertNotNull.failNull(AssertNotNull.java:47)
at org.junit.jupiter.api.AssertNotNull.assertNotNull(AssertNotNull.java:36)
at org.junit.jupiter.api.AssertNotNull.assertNotNull(AssertNotNull.java:31)
at org.junit.jupiter.api.Assertions.assertNotNull(Assertions.java:300)
at geoLocAPI.GeolocationTest.testValidZipCode(GeolocationTest.java:23)
at java.base/jdk.internal.reflect.NativeMethodAccessorImpl.invoke0(Native Method)
at java.base/jdk.internal.reflect.NativeMethodAccessorImpl.invoke(NativeMethodAccessorImpl.java:62)
at java.base/jdk.internal.reflect.DelegatingMethodAccessorImpl.invoke(DelegatingMethodAccessorImpl.java:43)
at java.base/java.lang.reflect.Method.invoke(Method.java:567)
at org.testng.internal.invokers.MethodInvocationHelper.invokeMethod(MethodInvocationHelper.java:135)
at org.testng.internal.invokers.TestInvoker.invokeMethod(TestInvoker.java:673)
at org.testng.internal.invokers.TestInvoker.invokeTestMethod(TestInvoker.java:220)
at org.testng.internal.invokers.MethodRunner.runInSequence(MethodRunner.java:50)
at org.testng.internal.invokers.TestInvoker$MethodInvocationAgent.invoke(TestInvoker.java:945)
at org.testng.internal.invokers.TestInvoker.invokeTestMethods(TestInvoker.java:193)
at org.testng.internal.invokers.TestMethodWorker.invokeTestMethods(TestMethodWorker.java:146)
at org.testng.internal.invokers.TestMethodWorker.run(TestMethodWorker.java:128)
at java.base/java.util.ArrayList.forEach(ArrayList.java:1507)
at org.testng.TestRunner.privateRun(TestRunner.java:808)
at org.testng.TestRunner.run(TestRunner.java:603)
at org.testng.SuiteRunner.runTest(SuiteRunner.java:429)
at org.testng.SuiteRunner.runSequentially(SuiteRunner.java:423)
at org.testng.SuiteRunner.privateRun(SuiteRunner.java:383)
at org.testng.SuiteRunner.run(SuiteRunner.java:326)
at org.testng.SuiteRunnerWorker.runSuite(SuiteRunnerWorker.java:52)
at org.testng.SuiteRunnerWorker.run(SuiteRunnerWorker.java:95)
at org.testng.TestNG.runSuitesSequentially(TestNG.java:1249)
at org.testng.TestNG.runSuitesLocally(TestNG.java:1169)
at org.testng.TestNG.runSuites(TestNG.java:1092)
at org.testng.TestNG.run(TestNG.java:1060)
at org.testng.remote.AbstractRemoteTestNG.run(AbstractRemoteTestNG.java:115)
at org.testng.remote.RemoteTestNG.initAndRun(RemoteTestNG.java:251)
at org.testng.remote.RemoteTestNG.main(RemoteTestNG.java:77)
]]>
            </full-stacktrace>
          </exception> <!-- org.opentest4j.AssertionFailedError -->
          <reporter-output>
          </reporter-output>
        </test-method> <!-- testValidZipCode -->
      </class> <!-- geoLocAPI.GeolocationTest -->
    </test> <!-- Default test -->
  </suite> <!-- Default suite -->
</testng-results>
